<?xml version="1.0" encoding="UTF-8"?>
<testng-results ignored="0" total="1" passed="1" failed="0" skipped="0">
  <reporter-output>
  </reporter-output>
  <suite started-at="2024-09-14T00:33:23 IST" name="My Suite" finished-at="2024-09-14T00:33:38 IST" duration-ms="14345">
    <groups>
    </groups>
    <test started-at="2024-09-14T00:33:23 IST" name="Test Case 01" finished-at="2024-09-14T00:33:38 IST" duration-ms="14345">
      <class name="seleniumplayground.tests.TestCase01">
        <test-method signature="executeTestCase01()[pri:0, instance:seleniumplayground.tests.TestCase01@7068e664]" started-at="2024-09-14T00:33:25 IST" name="executeTestCase01" finished-at="2024-09-14T00:33:38 IST" duration-ms="12135" status="PASS">
          <reporter-output>
          </reporter-output>
        </test-method> <!-- executeTestCase01 -->
      </class> <!-- seleniumplayground.tests.TestCase01 -->
      <class name="seleniumplayground.tests.Utility">
        <test-method is-config="true" signature="beforeTestMethod()[pri:0, instance:seleniumplayground.tests.Utility@21be3395]" started-at="2024-09-14T00:33:23 IST" name="beforeTestMethod" finished-at="2024-09-14T00:33:25 IST" duration-ms="2157" status="PASS">
          <reporter-output>
          </reporter-output>
        </test-method> <!-- beforeTestMethod -->
        <test-method is-config="true" signature="afterSuiteMethod()[pri:0, instance:seleniumplayground.tests.Utility@21be3395]" started-at="2024-09-14T00:33:38 IST" name="afterSuiteMethod" finished-at="2024-09-14T00:33:38 IST" duration-ms="8" status="PASS">
          <reporter-output>
          </reporter-output>
        </test-method> <!-- afterSuiteMethod -->
      </class> <!-- seleniumplayground.tests.Utility -->
    </test> <!-- Test Case 01 -->
  </suite> <!-- My Suite -->
</testng-results>
